<?xml version="1.0" encoding="UTF-8"?>
<!-- Generated by org.testng.reporters.JUnitXMLReporter -->
<testsuite ignored="0" hostname="EC2AMAZ-S11DBRH" failures="1" tests="3" name="Default test" time="18.3" errors="0" timestamp="2023-12-03T12:15:58 GMT">
  <testcase classname="io.cucumber.testng.AbstractTestNGCucumberTests" name="runScenario" time="7.153"/>
  <testcase classname="io.cucumber.testng.AbstractTestNGCucumberTests" name="runScenario" time="5.385"/>
  <testcase classname="io.cucumber.testng.AbstractTestNGCucumberTests" name="runScenario" time="4.763">
    <failure type="java.lang.AssertionError" message="expected [Congratulations student. You successfully logged in!] but found [[[ChromeDriver: chrome on windows (904baa28ccda6c57b9845288f67b81f1)] -&amp;gt; xpath: //strong]]">
      <![CDATA[java.lang.AssertionError: expected [Congratulations student. You successfully logged in!] but found [[[ChromeDriver: chrome on windows (904baa28ccda6c57b9845288f67b81f1)] -> xpath: //strong]]
at org.testng.Assert.fail(Assert.java:99)
at org.testng.Assert.failNotEquals(Assert.java:1037)
at org.testng.Assert.assertEqualsImpl(Assert.java:140)
at org.testng.Assert.assertEquals(Assert.java:122)
at org.testng.Assert.assertEquals(Assert.java:617)
at stepDef.UserLogin.should_display_home_page(UserLogin.java:33)
at âœ½.Should display Home page(file:///C:/Users/Administrator/eclipse-workspace/BDD/src/test/resources/features/Userlogin.feature:6)
]]>
    </failure>
  </testcase> <!-- runScenario -->
</testsuite> <!-- Default test -->
